#
# A fatal error has been detected by the Java Runtime Environment:
#
#  SIGILL (0x4) at pc=0x000000010c14af68, pid=76907, tid=9219
#
# JRE version: OpenJDK Runtime Environment (9.0) (slowdebug build 9-internal+0-adhoc.zhonghongpeng.openjdk)
# Java VM: OpenJDK 64-Bit Server VM (slowdebug 9-internal+0-adhoc.zhonghongpeng.openjdk, mixed mode, tiered, compressed oops, serial gc, bsd-amd64)
# Problematic frame:
# V  [libjvm.dylib+0xd4af68]  PerfData::~PerfData()+0x8
#
# No core dump will be written. Core dumps have been disabled. To enable core dumping, try "ulimit -c unlimited" before starting Java again
#
# If you would like to submit a bug report, please visit:
#   http://bugreport.java.com/bugreport/crash.jsp
#

---------------  S U M M A R Y ------------

Command Line: -Xms64M -Xmx1600M -XX:ThreadStackSize=1536 -XX:+UseSerialGC -Xms32M -Xmx512M -XX:TieredStopAtLevel=1 --add-exports=java.base/jdk.internal.module=ALL-UNNAMED build.tools.jigsaw.AddPackagesAttribute /Users/zhonghongpeng/ClionProjects/jvm/openjdk/build/macosx-x86_64-normal-serverANDclient-slowdebug/jdk

Host: zhonghongpengdeMacBook-Pro.local, MacBookPro15,1 x86_64 2900 MHz, 12 cores, 32G, Darwin 18.6.0
Time: Tue Jul  2 13:30:19 2019 CST elapsed time: 3 seconds (0d 0h 0m 3s)

---------------  T H R E A D  ---------------

Current thread is native thread

Stack: [0x000070000ee79000,0x000070000ef79000],  sp=0x000070000ef78cb0,  free space=1023k
Native frames: (J=compiled Java code, A=aot compiled Java code, j=interpreted, Vv=VM code, C=native code)
V  [libjvm.dylib+0xd4af68]  PerfData::~PerfData()+0x8
V  [libjvm.dylib+0xd4bc90]  PerfDataManager::destroy()+0x80
V  [libjvm.dylib+0xd4e5ff]  perfMemory_exit()+0x4f
V  [libjvm.dylib+0x8a945d]  exit_globals()+0x1d
V  [libjvm.dylib+0xed64eb]  Threads::destroy_vm()+0x18b
V  [libjvm.dylib+0x93eecd]  jni_DestroyJavaVM+0x15d
C  [java+0x62ac]  JavaMain+0xd7c
C  [libsystem_pthread.dylib+0x32eb]  _pthread_body+0x7e
C  [libsystem_pthread.dylib+0x6249]  _pthread_start+0x42
C  [libsystem_pthread.dylib+0x240d]  thread_start+0xd


siginfo: si_signo: 4 (SIGILL), si_code: 1 (ILL_ILLOPC), si_addr: 0x000000010c14af68

Register to memory mapping:

RAX=0x00007fe32fc01640 is an unknown value
RBX=0x000070000ef79000 is an unknown value
RCX=0x00007fe2d880f820 is an unknown value
RDX=0x0000000000000000 is an unknown value
RSP=0x000070000ef78cb0 is an unknown value
RBP=0x000070000ef78cb0 is an unknown value
RSI=0x0000000000000000 is an unknown value
RDI=0x00007fe32fc01640 is an unknown value
R8 =0x0000000000000000 is an unknown value
R9 =0x00000000000f4240 is an unknown value
R10=0x0000000000000001 is an unknown value
R11=0x0000000000000247 is an unknown value
R12=0x0000000000000000 is an unknown value
R13=0x0000000000000000 is an unknown value
R14=0x0000000000000000 is an unknown value
R15=0x0000000000000000 is an unknown value


Registers:
RAX=0x00007fe32fc01640, RBX=0x000070000ef79000, RCX=0x00007fe2d880f820, RDX=0x0000000000000000
RSP=0x000070000ef78cb0, RBP=0x000070000ef78cb0, RSI=0x0000000000000000, RDI=0x00007fe32fc01640
R8 =0x0000000000000000, R9 =0x00000000000f4240, R10=0x0000000000000001, R11=0x0000000000000247
R12=0x0000000000000000, R13=0x0000000000000000, R14=0x0000000000000000, R15=0x0000000000000000
RIP=0x000000010c14af68, EFLAGS=0x0000000000010202, ERR=0x0000000000000000
  TRAPNO=0x0000000000000006

Top of Stack: (sp=0x000070000ef78cb0)
0x000070000ef78cb0:   000070000ef78d00 000000010c14bc90
0x000070000ef78cc0:   000070000ef78ce0 000000010b4054ce
0x000070000ef78cd0:   0000000000000000 00007fe34002f220
0x000070000ef78ce0:   00007fe32fc01640 000000000c2c8941
0x000070000ef78cf0:   00007fe32fc01640 000000004002f800
0x000070000ef78d00:   000070000ef78d10 000000010c14e5ff
0x000070000ef78d10:   000070000ef78d20 000000010bca945d
0x000070000ef78d20:   000070000ef78d70 000000010c2d64eb
0x000070000ef78d30:   000070000ef78d50 00007fe34002f800
0x000070000ef78d40:   0000000600000000 000000010c646700
0x000070000ef78d50:   00007fe33fc16350 000000010c646700
0x000070000ef78d60:   00007fe33fc15b30 00007fe34002f800
0x000070000ef78d70:   000070000ef78df0 000000010bd3eecd
0x000070000ef78d80:   000070000ef78da0 00007fe33fce2100
0x000070000ef78d90:   00007fe33fce2100 00007fe33fce2100
0x000070000ef78da0:   00007fe34002f800 0000000100090000
0x000070000ef78db0:   000000010c4a37ab 0000000000000000
0x000070000ef78dc0:   00007fe34002fa28 00007fe33fce20b0
0x000070000ef78dd0:   000070000ef78ddc 0000000039800800
0x000070000ef78de0:   000000010c66d628 0000000039800a28
0x000070000ef78df0:   000070000ef78f10 0000000109a9e2ac
0x000070000ef78e00:   0000000000000000 000000010bd22e50
0x000070000ef78e10:   0000000000000000 0000000000000000
0x000070000ef78e20:   0000000000000000 0000000000000000
0x000070000ef78e30:   0000000000000000 0000000000000000
0x000070000ef78e40:   0000000000000000 0000000000000000
0x000070000ef78e50:   0000000000000000 0000000000000000
0x000070000ef78e60:   0000000000000000 0000000000000000
0x000070000ef78e70:   0000000000000000 0000000000000000
0x000070000ef78e80:   0000016bb138a80a 0000000000000000
0x000070000ef78e90:   00007fe32fc01388 00007fe32fd00430
0x000070000ef78ea0:   00007fe32fc01378 00007fe32fc01370 

Instructions: (pc=0x000000010c14af68)
0x000000010c14af48:   48 8b 7d f8 8a 47 18 24 01 0f b6 c0 5d c3 66 2e
0x000000010c14af58:   0f 1f 84 00 00 00 00 00 55 48 89 e5 48 89 7d f8
0x000000010c14af68:   0f 0b 66 0f 1f 44 00 00 55 48 89 e5 48 81 ec 80
0x000000010c14af78:   01 00 00 48 89 7d b8 89 75 b4 48 89 55 a8 48 89 


---------------  P R O C E S S  ---------------

VM state:at safepoint (shutting down)

VM Mutex/Monitor currently owned by a thread:  ([mutex/lock_event])
[0x00007fe33fc15b30] Threads_lock - owner thread: 0x00007fe340010000

Heap address: 0x00000007a0000000, size: 512 MB, Compressed Oops mode: Zero based, Oop shift amount: 3
Narrow klass base: 0x0000000000000000, Narrow klass shift: 3
Compressed class space size: 1073741824 Address: 0x00000007c0000000

Heap:
 def new generation   total 9792K, used 5476K [0x00000007a0000000, 0x00000007a0aa0000, 0x00000007aaaa0000)
  eden space 8704K,  59% used [0x00000007a0000000, 0x00000007a0509848, 0x00000007a0880000)
  from space 1088K,  29% used [0x00000007a0880000, 0x00000007a08cf9e8, 0x00000007a0990000)
  to   space 1088K,   0% used [0x00000007a0990000, 0x00000007a0990000, 0x00000007a0aa0000)
 tenured generation   total 21888K, used 1176K [0x00000007aaaa0000, 0x00000007ac000000, 0x00000007c0000000)
   the space 21888K,   5% used [0x00000007aaaa0000, 0x00000007aabc63b8, 0x00000007aabc6400, 0x00000007ac000000)
 Metaspace       used 6180K, capacity 6338K, committed 6528K, reserved 1056768K
  class space    used 588K, capacity 626K, committed 640K, reserved 1048576K

Card table byte_map: [0x000000010ce50000,0x000000010cf51000] byte_map_base: 0x0000000109150000

Polling page: 0x0000000109b6f000

CodeHeap 'non-profiled nmethods': size=238384Kb used=1788Kb max_used=1788Kb free=236595Kb
 bounds [0x0000000119d67000, 0x0000000119fd7000, 0x0000000128633000]
CodeHeap 'non-nmethods': size=7376Kb used=4385Kb max_used=4385Kb free=2991Kb
 bounds [0x0000000119633000, 0x0000000119a83000, 0x0000000119d67000]
 total_blobs=1712 nmethods=827 adapters=803
 compilation: enabled

Compilation events (10 events):
Event: 3.167 Thread 0x00007fe339816000  828       1       java.util.stream.ForEachOps$ForEachOp::get (2 bytes)
Event: 3.167 Thread 0x00007fe339818800 nmethod 826 0x0000000119f23a10 code [0x0000000119f23c40, 0x0000000119f24050]
Event: 3.167 Thread 0x00007fe339816000 nmethod 828 0x0000000119f24390 code [0x0000000119f24540, 0x0000000119f24678]
Event: 3.167 Thread 0x00007fe339816000  829       1       java.lang.module.ModuleDescriptor::modifiers (5 bytes)
Event: 3.168 Thread 0x00007fe339816000 nmethod 829 0x0000000119f24710 code [0x0000000119f248e0, 0x0000000119f24a98]
Event: 3.169 Thread 0x00007fe33801d800  830       1       java.util.HashMap$KeySpliterator::forEachRemaining (186 bytes)
Event: 3.170 Thread 0x00007fe328817800  831       1       java.util.Collections$SingletonSet::forEach (11 bytes)
Event: 3.171 Thread 0x00007fe339818800  832       1       jdk.internal.module.ModulePath::find (66 bytes)
Event: 3.171 Thread 0x00007fe328817800 nmethod 831 0x0000000119f24b10 code [0x0000000119f24d00, 0x0000000119f24ef0]
Event: 3.175 Thread 0x00007fe33801d800 nmethod 830 0x0000000119f24f90 code [0x0000000119f252a0, 0x0000000119f25cb0]

GC Heap History (10 events):
Event: 2.854 GC heap before
{Heap before GC invocations=29 (full 0):
 def new generation   total 9792K, used 8952K [0x00000007a0000000, 0x00000007a0aa0000, 0x00000007aaaa0000)
  eden space 8704K, 100% used [0x00000007a0000000, 0x00000007a0880000, 0x00000007a0880000)
  from space 1088K,  22% used [0x00000007a0990000, 0x00000007a09ce0b0, 0x00000007a0aa0000)
  to   space 1088K,   0% used [0x00000007a0880000, 0x00000007a0880000, 0x00000007a0990000)
 tenured generation   total 21888K, used 1158K [0x00000007aaaa0000, 0x00000007ac000000, 0x00000007c0000000)
   the space 21888K,   5% used [0x00000007aaaa0000, 0x00000007aabc1848, 0x00000007aabc1a00, 0x00000007ac000000)
 Metaspace       used 6057K, capacity 6244K, committed 6272K, reserved 1056768K
  class space    used 573K, capacity 621K, committed 640K, reserved 1048576K
}
Event: 2.872 GC heap after
{Heap after GC invocations=30 (full 0):
 def new generation   total 9792K, used 297K [0x00000007a0000000, 0x00000007a0aa0000, 0x00000007aaaa0000)
  eden space 8704K,   0% used [0x00000007a0000000, 0x00000007a0000000, 0x00000007a0880000)
  from space 1088K,  27% used [0x00000007a0880000, 0x00000007a08ca638, 0x00000007a0990000)
  to   space 1088K,   0% used [0x00000007a0990000, 0x00000007a0990000, 0x00000007a0aa0000)
 tenured generation   total 21888K, used 1158K [0x00000007aaaa0000, 0x00000007ac000000, 0x00000007c0000000)
   the space 21888K,   5% used [0x00000007aaaa0000, 0x00000007aabc1848, 0x00000007aabc1a00, 0x00000007ac000000)
 Metaspace       used 6057K, capacity 6244K, committed 6272K, reserved 1056768K
  class space    used 573K, capacity 621K, committed 640K, reserved 1048576K
}
Event: 2.909 GC heap before
{Heap before GC invocations=30 (full 0):
 def new generation   total 9792K, used 9001K [0x00000007a0000000, 0x00000007a0aa0000, 0x00000007aaaa0000)
  eden space 8704K,  99% used [0x00000007a0000000, 0x00000007a087ffe8, 0x00000007a0880000)
  from space 1088K,  27% used [0x00000007a0880000, 0x00000007a08ca638, 0x00000007a0990000)
  to   space 1088K,   0% used [0x00000007a0990000, 0x00000007a0990000, 0x00000007a0aa0000)
 tenured generation   total 21888K, used 1158K [0x00000007aaaa0000, 0x00000007ac000000, 0x00000007c0000000)
   the space 21888K,   5% used [0x00000007aaaa0000, 0x00000007aabc1848, 0x00000007aabc1a00, 0x00000007ac000000)
 Metaspace       used 6057K, capacity 6244K, committed 6272K, reserved 1056768K
  class space    used 573K, capacity 621K, committed 640K, reserved 1048576K
}
Event: 2.927 GC heap after
{Heap after GC invocations=31 (full 0):
 def new generation   total 9792K, used 300K [0x00000007a0000000, 0x00000007a0aa0000, 0x00000007aaaa0000)
  eden space 8704K,   0% used [0x00000007a0000000, 0x00000007a0000000, 0x00000007a0880000)
  from space 1088K,  27% used [0x00000007a0990000, 0x00000007a09db3b8, 0x00000007a0aa0000)
  to   space 1088K,   0% used [0x00000007a0880000, 0x00000007a0880000, 0x00000007a0990000)
 tenured generation   total 21888K, used 1158K [0x00000007aaaa0000, 0x00000007ac000000, 0x00000007c0000000)
   the space 21888K,   5% used [0x00000007aaaa0000, 0x00000007aabc1848, 0x00000007aabc1a00, 0x00000007ac000000)
 Metaspace       used 6057K, capacity 6244K, committed 6272K, reserved 1056768K
  class space    used 573K, capacity 621K, committed 640K, reserved 1048576K
}
Event: 2.964 GC heap before
{Heap before GC invocations=31 (full 0):
 def new generation   total 9792K, used 9004K [0x00000007a0000000, 0x00000007a0aa0000, 0x00000007aaaa0000)
  eden space 8704K, 100% used [0x00000007a0000000, 0x00000007a0880000, 0x00000007a0880000)
  from space 1088K,  27% used [0x00000007a0990000, 0x00000007a09db3b8, 0x00000007a0aa0000)
  to   space 1088K,   0% used [0x00000007a0880000, 0x00000007a0880000, 0x00000007a0990000)
 tenured generation   total 21888K, used 1158K [0x00000007aaaa0000, 0x00000007ac000000, 0x00000007c0000000)
   the space 21888K,   5% used [0x00000007aaaa0000, 0x00000007aabc1848, 0x00000007aabc1a00, 0x00000007ac000000)
 Metaspace       used 6057K, capacity 6244K, committed 6272K, reserved 1056768K
  class space    used 573K, capacity 621K, committed 640K, reserved 1048576K
}
Event: 2.979 GC heap after
{Heap after GC invocations=32 (full 0):
 def new generation   total 9792K, used 306K [0x00000007a0000000, 0x00000007a0aa0000, 0x00000007aaaa0000)
  eden space 8704K,   0% used [0x00000007a0000000, 0x00000007a0000000, 0x00000007a0880000)
  from space 1088K,  28% used [0x00000007a0880000, 0x00000007a08cc9d0, 0x00000007a0990000)
  to   space 1088K,   0% used [0x00000007a0990000, 0x00000007a0990000, 0x00000007a0aa0000)
 tenured generation   total 21888K, used 1158K [0x00000007aaaa0000, 0x00000007ac000000, 0x00000007c0000000)
   the space 21888K,   5% used [0x00000007aaaa0000, 0x00000007aabc1848, 0x00000007aabc1a00, 0x00000007ac000000)
 Metaspace       used 6057K, capacity 6244K, committed 6272K, reserved 1056768K
  class space    used 573K, capacity 621K, committed 640K, reserved 1048576K
}
Event: 3.020 GC heap before
{Heap before GC invocations=32 (full 0):
 def new generation   total 9792K, used 9010K [0x00000007a0000000, 0x00000007a0aa0000, 0x00000007aaaa0000)
  eden space 8704K, 100% used [0x00000007a0000000, 0x00000007a0880000, 0x00000007a0880000)
  from space 1088K,  28% used [0x00000007a0880000, 0x00000007a08cc9d0, 0x00000007a0990000)
  to   space 1088K,   0% used [0x00000007a0990000, 0x00000007a0990000, 0x00000007a0aa0000)
 tenured generation   total 21888K, used 1158K [0x00000007aaaa0000, 0x00000007ac000000, 0x00000007c0000000)
   the space 21888K,   5% used [0x00000007aaaa0000, 0x00000007aabc1848, 0x00000007aabc1a00, 0x00000007ac000000)
 Metaspace       used 6057K, capacity 6244K, committed 6272K, reserved 1056768K
  class space    used 573K, capacity 621K, committed 640K, reserved 1048576K
}
Event: 3.035 GC heap after
{Heap after GC invocations=33 (full 0):
 def new generation   total 9792K, used 317K [0x00000007a0000000, 0x00000007a0aa0000, 0x00000007aaaa0000)
  eden space 8704K,   0% used [0x00000007a0000000, 0x00000007a0000000, 0x00000007a0880000)
  from space 1088K,  29% used [0x00000007a0990000, 0x00000007a09df6f8, 0x00000007a0aa0000)
  to   space 1088K,   0% used [0x00000007a0880000, 0x00000007a0880000, 0x00000007a0990000)
 tenured generation   total 21888K, used 1158K [0x00000007aaaa0000, 0x00000007ac000000, 0x00000007c0000000)
   the space 21888K,   5% used [0x00000007aaaa0000, 0x00000007aabc1848, 0x00000007aabc1a00, 0x00000007ac000000)
 Metaspace       used 6057K, capacity 6244K, committed 6272K, reserved 1056768K
  class space    used 573K, capacity 621K, committed 640K, reserved 1048576K
}
Event: 3.075 GC heap before
{Heap before GC invocations=33 (full 0):
 def new generation   total 9792K, used 9021K [0x00000007a0000000, 0x00000007a0aa0000, 0x00000007aaaa0000)
  eden space 8704K, 100% used [0x00000007a0000000, 0x00000007a0880000, 0x00000007a0880000)
  from space 1088K,  29% used [0x00000007a0990000, 0x00000007a09df6f8, 0x00000007a0aa0000)
  to   space 1088K,   0% used [0x00000007a0880000, 0x00000007a0880000, 0x00000007a0990000)
 tenured generation   total 21888K, used 1158K [0x00000007aaaa0000, 0x00000007ac000000, 0x00000007c0000000)
   the space 21888K,   5% used [0x00000007aaaa0000, 0x00000007aabc1848, 0x00000007aabc1a00, 0x00000007ac000000)
 Metaspace       used 6057K, capacity 6244K, committed 6272K, reserved 1056768K
  class space    used 573K, capacity 621K, committed 640K, reserved 1048576K
}
Event: 3.091 GC heap after
{Heap after GC invocations=34 (full 0):
 def new generation   total 9792K, used 318K [0x00000007a0000000, 0x00000007a0aa0000, 0x00000007aaaa0000)
  eden space 8704K,   0% used [0x00000007a0000000, 0x00000007a0000000, 0x00000007a0880000)
  from space 1088K,  29% used [0x00000007a0880000, 0x00000007a08cf9e8, 0x00000007a0990000)
  to   space 1088K,   0% used [0x00000007a0990000, 0x00000007a0990000, 0x00000007a0aa0000)
 tenured generation   total 21888K, used 1176K [0x00000007aaaa0000, 0x00000007ac000000, 0x00000007c0000000)
   the space 21888K,   5% used [0x00000007aaaa0000, 0x00000007aabc63b8, 0x00000007aabc6400, 0x00000007ac000000)
 Metaspace       used 6057K, capacity 6244K, committed 6272K, reserved 1056768K
  class space    used 573K, capacity 621K, committed 640K, reserved 1048576K
}

Deoptimization events (0 events):
No events

Classes redefined (0 events):
No events

Internal exceptions (10 events):
Event: 0.704 Thread 0x00007fe339800800 Exception <a 'java/lang/NoSuchMethodError'{0x00000007a01b3cf8}: java.lang.invoke.LambdaForm$Holder.identity_L(Ljava/lang/Object;Ljava/lang/Object;)Ljava/lang/Object;> (0x00000007a01b3cf8) thrown at [../src/share/vm/interpreter/linkResolver.cpp, line 731]
Event: 0.707 Thread 0x00007fe339800800 Exception <a 'java/lang/NoSuchMethodError'{0x00000007a01b6158}: java.lang.invoke.LambdaForm$Holder.zero_L(Ljava/lang/Object;)Ljava/lang/Object;> (0x00000007a01b6158) thrown at [../src/share/vm/interpreter/linkResolver.cpp, line 731]
Event: 0.709 Thread 0x00007fe339800800 Exception <a 'java/lang/NoSuchMethodError'{0x00000007a01bae38}: java.lang.invoke.DirectMethodHandle$Holder.invokeSpecial(Ljava/lang/Object;Ljava/lang/Object;)Ljava/lang/Object;> (0x00000007a01bae38) thrown at [../src/share/vm/interpreter/linkResolver.cpp,
Event: 0.722 Thread 0x00007fe339800800 Exception <a 'java/lang/NoSuchMethodError'{0x00000007a01cf148}: java.lang.invoke.DirectMethodHandle$Holder.invokeInterface(Ljava/lang/Object;Ljava/lang/Object;Ljava/lang/Object;)I> (0x00000007a01cf148) thrown at [../src/share/vm/interpreter/linkResolver.c
Event: 1.863 Thread 0x00007fe339800800 Exception <a 'java/lang/NoSuchMethodError'{0x00000007a01d0980}: java.lang.invoke.DirectMethodHandle$Holder.invokeInterface(Ljava/lang/Object;Ljava/lang/Object;)Ljava/lang/Object;> (0x00000007a01d0980) thrown at [../src/share/vm/interpreter/linkResolver.cp
Event: 1.922 Thread 0x00007fe339800800 Exception <a 'java/lang/NoSuchMethodError'{0x00000007a0281bf0}: java.lang.invoke.DirectMethodHandle$Holder.invokeStatic(Ljava/lang/Object;Ljava/lang/Object;Ljava/lang/Object;)V> (0x00000007a0281bf0) thrown at [../src/share/vm/interpreter/linkResolver.cpp,
Event: 1.927 Thread 0x00007fe339800800 Exception <a 'java/lang/NoSuchMethodError'{0x00000007a0288208}: method resolution failed> (0x00000007a0288208) thrown at [../src/share/vm/prims/methodHandles.cpp, line 1256]
Event: 1.939 Thread 0x00007fe339800800 Exception <a 'java/lang/NoSuchMethodError'{0x00000007a02a8cf0}: java.lang.invoke.DirectMethodHandle$Holder.invokeStatic(Ljava/lang/Object;Ljava/lang/Object;)I> (0x00000007a02a8cf0) thrown at [../src/share/vm/interpreter/linkResolver.cpp, line 731]
Event: 1.941 Thread 0x00007fe339800800 Exception <a 'java/lang/NoSuchMethodError'{0x00000007a02ae568}: method resolution failed> (0x00000007a02ae568) thrown at [../src/share/vm/prims/methodHandles.cpp, line 1256]
Event: 1.943 Thread 0x00007fe339800800 Exception <a 'java/lang/NoSuchMethodError'{0x00000007a02b57d8}: java.lang.invoke.DirectMethodHandle$Holder.invokeSpecial(Ljava/lang/Object;Ljava/lang/Object;Ljava/lang/Object;Ljava/lang/Object;Ljava/lang/Object;)Ljava/lang/Object;> (0x00000007a02b57d8) th

Events (10 events):
Event: 3.132 loading class java/lang/module/ModuleDescriptor$Opens$Modifier
Event: 3.132 loading class java/lang/module/ModuleDescriptor$Opens$Modifier done
Event: 3.171 Thread 0x00007fe339800800 Thread exited: 0x00007fe339800800
Event: 3.171 Thread 0x00007fe34002f800 Thread added: 0x00007fe34002f800
Event: 3.171 loading class java/lang/Shutdown
Event: 3.172 loading class java/lang/Shutdown done
Event: 3.172 loading class java/lang/Shutdown$Lock
Event: 3.173 loading class java/lang/Shutdown$Lock done
Event: 3.173 Thread 0x00007fe338011800 Thread exited: 0x00007fe338011800
Event: 3.175 Thread 0x00007fe34002f800 Thread exited: 0x00007fe34002f800


Dynamic libraries:
0x00007fff36ec1000 	/System/Library/Frameworks/Cocoa.framework/Versions/A/Cocoa
0x00007fff42bd9000 	/System/Library/Frameworks/Security.framework/Versions/A/Security
0x00007fff35b56000 	/System/Library/Frameworks/ApplicationServices.framework/Versions/A/ApplicationServices
0x00007fff62c9b000 	/usr/lib/libz.1.dylib
0x00007fff605f5000 	/usr/lib/libSystem.B.dylib
0x00007fff376a9000 	/System/Library/Frameworks/CoreFoundation.framework/Versions/A/CoreFoundation
0x00007fff3992b000 	/System/Library/Frameworks/Foundation.framework/Versions/C/Foundation
0x00007fff61e2c000 	/usr/lib/libobjc.A.dylib
0x00007fff34d4f000 	/System/Library/Frameworks/AppKit.framework/Versions/C/AppKit
0x00007fff3723c000 	/System/Library/Frameworks/CoreData.framework/Versions/A/CoreData
0x00007fff5a0c8000 	/System/Library/PrivateFrameworks/RemoteViewServices.framework/Versions/A/RemoteViewServices
0x00007fff5e335000 	/System/Library/PrivateFrameworks/UIFoundation.framework/Versions/A/UIFoundation
0x00007fff5fa17000 	/System/Library/PrivateFrameworks/XCTTargetBootstrap.framework/Versions/A/XCTTargetBootstrap
0x00007fff375c1000 	/System/Library/Frameworks/CoreDisplay.framework/Versions/A/CoreDisplay
0x00007fff54e1f000 	/System/Library/PrivateFrameworks/IconServices.framework/Versions/A/IconServices
0x00007fff3c24f000 	/System/Library/Frameworks/Metal.framework/Versions/A/Metal
0x00007fff4c39a000 	/System/Library/PrivateFrameworks/DesktopServicesPriv.framework/Versions/A/DesktopServicesPriv
0x00007fff6118f000 	/usr/lib/libenergytrace.dylib
0x00007fff5c81e000 	/System/Library/PrivateFrameworks/SkyLight.framework/Versions/A/SkyLight
0x00007fff37aef000 	/System/Library/Frameworks/CoreGraphics.framework/Versions/A/CoreGraphics
0x00007fff33b1b000 	/System/Library/Frameworks/Accelerate.framework/Versions/A/Accelerate
0x00007fff3a073000 	/System/Library/Frameworks/IOSurface.framework/Versions/A/IOSurface
0x00007fff4c206000 	/System/Library/PrivateFrameworks/DFRFoundation.framework/Versions/A/DFRFoundation
0x00007fff36039000 	/System/Library/Frameworks/AudioToolbox.framework/Versions/A/AudioToolbox
0x00007fff362b2000 	/System/Library/Frameworks/AudioUnit.framework/Versions/A/AudioUnit
0x00007fff4c29b000 	/System/Library/PrivateFrameworks/DataDetectorsCore.framework/Versions/A/DataDetectorsCore
0x00007fff369c5000 	/System/Library/Frameworks/Carbon.framework/Versions/A/Frameworks/HIToolbox.framework/Versions/A/HIToolbox
0x00007fff612e8000 	/usr/lib/libicucore.A.dylib
0x00007fff4214e000 	/System/Library/Frameworks/QuartzCore.framework/Versions/A/QuartzCore
0x00007fff36d99000 	/System/Library/Frameworks/Carbon.framework/Versions/A/Frameworks/SpeechRecognition.framework/Versions/A/SpeechRecognition
0x00007fff60749000 	/usr/lib/libauto.dylib
0x00007fff62b8f000 	/usr/lib/libxml2.2.dylib
0x00007fff4bde3000 	/System/Library/PrivateFrameworks/CoreUI.framework/Versions/A/CoreUI
0x00007fff37127000 	/System/Library/Frameworks/CoreAudio.framework/Versions/A/CoreAudio
0x00007fff39760000 	/System/Library/Frameworks/DiskArbitration.framework/Versions/A/DiskArbitration
0x00007fff61596000 	/usr/lib/liblangid.dylib
0x00007fff5622d000 	/System/Library/PrivateFrameworks/MultitouchSupport.framework/Versions/A/MultitouchSupport
0x00007fff39fe2000 	/System/Library/Frameworks/IOKit.framework/Versions/A/IOKit
0x00007fff601b6000 	/usr/lib/libDiagnosticMessagesClient.dylib
0x00007fff388fe000 	/System/Library/Frameworks/CoreServices.framework/Versions/A/CoreServices
0x00007fff57ed4000 	/System/Library/PrivateFrameworks/PerformanceAnalysis.framework/Versions/A/PerformanceAnalysis
0x00007fff4133c000 	/System/Library/Frameworks/OpenGL.framework/Versions/A/OpenGL
0x00007fff36ecf000 	/System/Library/Frameworks/ColorSync.framework/Versions/A/ColorSync
0x00007fff38180000 	/System/Library/Frameworks/CoreImage.framework/Versions/A/CoreImage
0x00007fff392d7000 	/System/Library/Frameworks/CoreText.framework/Versions/A/CoreText
0x00007fff3a0d6000 	/System/Library/Frameworks/ImageIO.framework/Versions/A/ImageIO
0x00007fff48438000 	/System/Library/PrivateFrameworks/Backup.framework/Versions/A/Backup
0x00007fff6069c000 	/usr/lib/libarchive.2.dylib
0x00007fff3660a000 	/System/Library/Frameworks/CFNetwork.framework/Versions/A/CFNetwork
0x00007fff43333000 	/System/Library/Frameworks/SystemConfiguration.framework/Versions/A/SystemConfiguration
0x00007fff600e7000 	/usr/lib/libCRFSuite.dylib
0x00007fff60838000 	/usr/lib/libc++.1.dylib
0x00007fff6088c000 	/usr/lib/libc++abi.dylib
0x00007fff63491000 	/usr/lib/system/libcache.dylib
0x00007fff63496000 	/usr/lib/system/libcommonCrypto.dylib
0x00007fff634a1000 	/usr/lib/system/libcompiler_rt.dylib
0x00007fff634a9000 	/usr/lib/system/libcopyfile.dylib
0x00007fff634b3000 	/usr/lib/system/libcorecrypto.dylib
0x00007fff635be000 	/usr/lib/system/libdispatch.dylib
0x00007fff635f8000 	/usr/lib/system/libdyld.dylib
0x00007fff63625000 	/usr/lib/system/libkeymgr.dylib
0x00007fff63633000 	/usr/lib/system/liblaunch.dylib
0x00007fff63634000 	/usr/lib/system/libmacho.dylib
0x00007fff6363a000 	/usr/lib/system/libquarantine.dylib
0x00007fff6363d000 	/usr/lib/system/libremovefile.dylib
0x00007fff6363f000 	/usr/lib/system/libsystem_asl.dylib
0x00007fff63657000 	/usr/lib/system/libsystem_blocks.dylib
0x00007fff63658000 	/usr/lib/system/libsystem_c.dylib
0x00007fff636e0000 	/usr/lib/system/libsystem_configuration.dylib
0x00007fff636e4000 	/usr/lib/system/libsystem_coreservices.dylib
0x00007fff636e8000 	/usr/lib/system/libsystem_darwin.dylib
0x00007fff636ef000 	/usr/lib/system/libsystem_dnssd.dylib
0x00007fff636f6000 	/usr/lib/system/libsystem_info.dylib
0x00007fff6376b000 	/usr/lib/system/libsystem_m.dylib
0x00007fff637b7000 	/usr/lib/system/libsystem_malloc.dylib
0x00007fff637e2000 	/usr/lib/system/libsystem_networkextension.dylib
0x00007fff637ed000 	/usr/lib/system/libsystem_notify.dylib
0x00007fff6380a000 	/usr/lib/system/libsystem_sandbox.dylib
0x00007fff6380e000 	/usr/lib/system/libsystem_secinit.dylib
0x00007fff63742000 	/usr/lib/system/libsystem_kernel.dylib
0x00007fff637f5000 	/usr/lib/system/libsystem_platform.dylib
0x00007fff637ff000 	/usr/lib/system/libsystem_pthread.dylib
0x00007fff63811000 	/usr/lib/system/libsystem_symptoms.dylib
0x00007fff63819000 	/usr/lib/system/libsystem_trace.dylib
0x00007fff63830000 	/usr/lib/system/libunwind.dylib
0x00007fff63836000 	/usr/lib/system/libxpc.dylib
0x00007fff60819000 	/usr/lib/libbsm.0.dylib
0x00007fff63626000 	/usr/lib/system/libkxld.dylib
0x00007fff47829000 	/System/Library/PrivateFrameworks/AppleFSCompression.framework/Versions/A/AppleFSCompression
0x00007fff604b5000 	/usr/lib/libOpenScriptingUtil.dylib
0x00007fff60b41000 	/usr/lib/libcoretls.dylib
0x00007fff60b58000 	/usr/lib/libcoretls_cfhelpers.dylib
0x00007fff625c3000 	/usr/lib/libpam.2.dylib
0x00007fff62783000 	/usr/lib/libsqlite3.dylib
0x00007fff62b7d000 	/usr/lib/libxar.1.dylib
0x00007fff6082a000 	/usr/lib/libbz2.1.0.dylib
0x00007fff61598000 	/usr/lib/liblzma.5.dylib
0x00007fff61a49000 	/usr/lib/libnetwork.dylib
0x00007fff60685000 	/usr/lib/libapple_nghttp2.dylib
0x00007fff625ca000 	/usr/lib/libpcap.A.dylib
0x00007fff38c9d000 	/System/Library/Frameworks/CoreServices.framework/Versions/A/Frameworks/FSEvents.framework/Versions/A/FSEvents
0x00007fff3897c000 	/System/Library/Frameworks/CoreServices.framework/Versions/A/Frameworks/CarbonCore.framework/Versions/A/CarbonCore
0x00007fff38e59000 	/System/Library/Frameworks/CoreServices.framework/Versions/A/Frameworks/Metadata.framework/Versions/A/Metadata
0x00007fff38ef8000 	/System/Library/Frameworks/CoreServices.framework/Versions/A/Frameworks/OSServices.framework/Versions/A/OSServices
0x00007fff38f43000 	/System/Library/Frameworks/CoreServices.framework/Versions/A/Frameworks/SearchKit.framework/Versions/A/SearchKit
0x00007fff388ff000 	/System/Library/Frameworks/CoreServices.framework/Versions/A/Frameworks/AE.framework/Versions/A/AE
0x00007fff38ca6000 	/System/Library/Frameworks/CoreServices.framework/Versions/A/Frameworks/LaunchServices.framework/Versions/A/LaunchServices
0x00007fff38c54000 	/System/Library/Frameworks/CoreServices.framework/Versions/A/Frameworks/DictionaryServices.framework/Versions/A/DictionaryServices
0x00007fff38fab000 	/System/Library/Frameworks/CoreServices.framework/Versions/A/Frameworks/SharedFileList.framework/Versions/A/SharedFileList
0x00007fff3d317000 	/System/Library/Frameworks/NetFS.framework/Versions/A/NetFS
0x00007fff56493000 	/System/Library/PrivateFrameworks/NetAuth.framework/Versions/A/NetAuth
0x00007fff5fe1b000 	/System/Library/PrivateFrameworks/login.framework/Versions/A/Frameworks/loginsupport.framework/Versions/A/loginsupport
0x00007fff5df3e000 	/System/Library/PrivateFrameworks/TCC.framework/Versions/A/TCC
0x00007fff4b440000 	/System/Library/PrivateFrameworks/CoreNLP.framework/Versions/A/CoreNLP
0x00007fff55f26000 	/System/Library/PrivateFrameworks/MetadataUtilities.framework/Versions/A/MetadataUtilities
0x00007fff6166d000 	/usr/lib/libmecabra.dylib
0x00007fff35b57000 	/System/Library/Frameworks/ApplicationServices.framework/Versions/A/Frameworks/ATS.framework/Versions/A/ATS
0x00007fff35ea6000 	/System/Library/Frameworks/ApplicationServices.framework/Versions/A/Frameworks/ColorSyncLegacy.framework/Versions/A/ColorSyncLegacy
0x00007fff35f45000 	/System/Library/Frameworks/ApplicationServices.framework/Versions/A/Frameworks/HIServices.framework/Versions/A/HIServices
0x00007fff35f98000 	/System/Library/Frameworks/ApplicationServices.framework/Versions/A/Frameworks/LangAnalysis.framework/Versions/A/LangAnalysis
0x00007fff35fa8000 	/System/Library/Frameworks/ApplicationServices.framework/Versions/A/Frameworks/PrintCore.framework/Versions/A/PrintCore
0x00007fff35ff2000 	/System/Library/Frameworks/ApplicationServices.framework/Versions/A/Frameworks/QD.framework/Versions/A/QD
0x00007fff3602c000 	/System/Library/Frameworks/ApplicationServices.framework/Versions/A/Frameworks/SpeechSynthesis.framework/Versions/A/SpeechSynthesis
0x00007fff608b4000 	/usr/lib/libcompression.dylib
0x00007fff3c51f000 	/System/Library/Frameworks/MetalPerformanceShaders.framework/Versions/A/MetalPerformanceShaders
0x00007fff33b33000 	/System/Library/Frameworks/Accelerate.framework/Versions/A/Frameworks/vImage.framework/Versions/A/vImage
0x00007fff34bad000 	/System/Library/Frameworks/Accelerate.framework/Versions/A/Frameworks/vecLib.framework/Versions/A/vecLib
0x00007fff34af9000 	/System/Library/Frameworks/Accelerate.framework/Versions/A/Frameworks/vecLib.framework/Versions/A/libvMisc.dylib
0x00007fff34911000 	/System/Library/Frameworks/Accelerate.framework/Versions/A/Frameworks/vecLib.framework/Versions/A/libvDSP.dylib
0x00007fff341cd000 	/System/Library/Frameworks/Accelerate.framework/Versions/A/Frameworks/vecLib.framework/Versions/A/libBLAS.dylib
0x00007fff344ba000 	/System/Library/Frameworks/Accelerate.framework/Versions/A/Frameworks/vecLib.framework/Versions/A/libLAPACK.dylib
0x00007fff34864000 	/System/Library/Frameworks/Accelerate.framework/Versions/A/Frameworks/vecLib.framework/Versions/A/libLinearAlgebra.dylib
0x00007fff348fd000 	/System/Library/Frameworks/Accelerate.framework/Versions/A/Frameworks/vecLib.framework/Versions/A/libSparseBLAS.dylib
0x00007fff3487a000 	/System/Library/Frameworks/Accelerate.framework/Versions/A/Frameworks/vecLib.framework/Versions/A/libQuadrature.dylib
0x00007fff34447000 	/System/Library/Frameworks/Accelerate.framework/Versions/A/Frameworks/vecLib.framework/Versions/A/libBNNS.dylib
0x00007fff34880000 	/System/Library/Frameworks/Accelerate.framework/Versions/A/Frameworks/vecLib.framework/Versions/A/libSparse.dylib
0x00007fff52782000 	/System/Library/PrivateFrameworks/GPUWrangler.framework/Versions/A/GPUWrangler
0x00007fff54a54000 	/System/Library/PrivateFrameworks/IOAccelerator.framework/Versions/A/IOAccelerator
0x00007fff54a5f000 	/System/Library/PrivateFrameworks/IOPresentment.framework/Versions/A/IOPresentment
0x00007fff4c216000 	/System/Library/PrivateFrameworks/DSExternalDisplay.framework/Versions/A/DSExternalDisplay
0x00007fff40793000 	/System/Library/Frameworks/OpenGL.framework/Versions/A/Libraries/libCoreFSCache.dylib
0x00007fff3c313000 	/System/Library/Frameworks/MetalPerformanceShaders.framework/Frameworks/MPSCore.framework/Versions/A/MPSCore
0x00007fff3c333000 	/System/Library/Frameworks/MetalPerformanceShaders.framework/Frameworks/MPSImage.framework/Versions/A/MPSImage
0x00007fff3c3d8000 	/System/Library/Frameworks/MetalPerformanceShaders.framework/Frameworks/MPSNeuralNetwork.framework/Versions/A/MPSNeuralNetwork
0x00007fff3c3b0000 	/System/Library/Frameworks/MetalPerformanceShaders.framework/Frameworks/MPSMatrix.framework/Versions/A/MPSMatrix
0x00007fff3c504000 	/System/Library/Frameworks/MetalPerformanceShaders.framework/Frameworks/MPSRayIntersector.framework/Versions/A/MPSRayIntersector
0x00007fff55f4f000 	/System/Library/PrivateFrameworks/MetalTools.framework/Versions/A/MetalTools
0x00007fff470d6000 	/System/Library/PrivateFrameworks/AggregateDictionary.framework/Versions/A/AggregateDictionary
0x00007fff60496000 	/usr/lib/libMobileGestalt.dylib
0x00007fff3943a000 	/System/Library/Frameworks/CoreVideo.framework/Versions/A/CoreVideo
0x00007fff53592000 	/System/Library/PrivateFrameworks/GraphVisualizer.framework/Versions/A/GraphVisualizer
0x00007fff4d412000 	/System/Library/PrivateFrameworks/FaceCore.framework/Versions/A/FaceCore
0x00007fff3fdc1000 	/System/Library/Frameworks/OpenCL.framework/Versions/A/OpenCL
0x00007fff601ee000 	/usr/lib/libFosl_dynamic.dylib
0x00007fff56cfe000 	/System/Library/PrivateFrameworks/OTSVG.framework/Versions/A/OTSVG
0x00007fff35c5b000 	/System/Library/Frameworks/ApplicationServices.framework/Versions/A/Frameworks/ATS.framework/Versions/A/Resources/libFontParser.dylib
0x00007fff35d73000 	/System/Library/Frameworks/ApplicationServices.framework/Versions/A/Frameworks/ATS.framework/Versions/A/Resources/libFontRegistry.dylib
0x00007fff3a344000 	/System/Library/Frameworks/ImageIO.framework/Versions/A/Resources/libJPEG.dylib
0x00007fff3a656000 	/System/Library/Frameworks/ImageIO.framework/Versions/A/Resources/libTIFF.dylib
0x00007fff3a62c000 	/System/Library/Frameworks/ImageIO.framework/Versions/A/Resources/libPng.dylib
0x00007fff3a262000 	/System/Library/Frameworks/ImageIO.framework/Versions/A/Resources/libGIF.dylib
0x00007fff3a267000 	/System/Library/Frameworks/ImageIO.framework/Versions/A/Resources/libJP2.dylib
0x00007fff3a653000 	/System/Library/Frameworks/ImageIO.framework/Versions/A/Resources/libRadiance.dylib
0x00007fff47980000 	/System/Library/PrivateFrameworks/AppleJPEG.framework/Versions/A/AppleJPEG
0x00007fff4079e000 	/System/Library/Frameworks/OpenGL.framework/Versions/A/Libraries/libGFXShared.dylib
0x00007fff40961000 	/System/Library/Frameworks/OpenGL.framework/Versions/A/Libraries/libGLU.dylib
0x00007fff407a7000 	/System/Library/Frameworks/OpenGL.framework/Versions/A/Libraries/libGL.dylib
0x00007fff407b3000 	/System/Library/Frameworks/OpenGL.framework/Versions/A/Libraries/libGLImage.dylib
0x00007fff40790000 	/System/Library/Frameworks/OpenGL.framework/Versions/A/Libraries/libCVMSPluginSupport.dylib
0x00007fff40799000 	/System/Library/Frameworks/OpenGL.framework/Versions/A/Libraries/libCoreVMClient.dylib
0x00007fff61005000 	/usr/lib/libcups.2.dylib
0x00007fff3b81a000 	/System/Library/Frameworks/Kerberos.framework/Versions/A/Kerberos
0x00007fff39d47000 	/System/Library/Frameworks/GSS.framework/Versions/A/GSS
0x00007fff62718000 	/usr/lib/libresolv.9.dylib
0x00007fff611f7000 	/usr/lib/libiconv.2.dylib
0x00007fff536f1000 	/System/Library/PrivateFrameworks/Heimdal.framework/Versions/A/Heimdal
0x00007fff611c7000 	/usr/lib/libheimdal-asn1.dylib
0x00007fff3fe35000 	/System/Library/Frameworks/OpenDirectory.framework/Versions/A/OpenDirectory
0x00007fff4a1a5000 	/System/Library/PrivateFrameworks/CommonAuth.framework/Versions/A/CommonAuth
0x00007fff3fe19000 	/System/Library/Frameworks/OpenDirectory.framework/Versions/A/Frameworks/CFOpenDirectory.framework/Versions/A/CFOpenDirectory
0x00007fff42ed9000 	/System/Library/Frameworks/SecurityFoundation.framework/Versions/A/SecurityFoundation
0x00007fff4661f000 	/System/Library/PrivateFrameworks/APFS.framework/Versions/A/APFS
0x00007fff62b79000 	/usr/lib/libutil.dylib
0x00007fff608a2000 	/usr/lib/libcharset.1.dylib
0x00007fff47c1d000 	/System/Library/PrivateFrameworks/AppleSauce.framework/Versions/A/AppleSauce
0x00007fff47d9e000 	/System/Library/PrivateFrameworks/AssertionServices.framework/Versions/A/AssertionServices
0x00007fff484ce000 	/System/Library/PrivateFrameworks/BaseBoard.framework/Versions/A/BaseBoard
0x00007fff615c8000 	/usr/lib/libmecab.1.0.0.dylib
0x00007fff611c1000 	/usr/lib/libgermantok.dylib
0x00007fff60672000 	/usr/lib/libThaiTokenizer.dylib
0x00007fff6011e000 	/usr/lib/libChineseTokenizer.dylib
0x00007fff5510d000 	/System/Library/PrivateFrameworks/LanguageModeling.framework/Versions/A/LanguageModeling
0x00007fff4ae86000 	/System/Library/PrivateFrameworks/CoreEmoji.framework/Versions/A/CoreEmoji
0x00007fff551e9000 	/System/Library/PrivateFrameworks/Lexicon.framework/Versions/A/Lexicon
0x00007fff5522c000 	/System/Library/PrivateFrameworks/LinguisticData.framework/Versions/A/LinguisticData
0x00007fff608a3000 	/usr/lib/libcmph.dylib
0x00007fff42f97000 	/System/Library/Frameworks/ServiceManagement.framework/Versions/A/ServiceManagement
0x00007fff4842f000 	/System/Library/PrivateFrameworks/BackgroundTaskManagement.framework/Versions/A/BackgroundTaskManagement
0x00007fff62c72000 	/usr/lib/libxslt.1.dylib
0x00007fff36cc6000 	/System/Library/Frameworks/Carbon.framework/Versions/A/Frameworks/Ink.framework/Versions/A/Ink
0x00007fff5e1b0000 	/System/Library/PrivateFrameworks/TextureIO.framework/Versions/A/TextureIO
0x00007fff606c6000 	/usr/lib/libate.dylib
0x00007fff4c165000 	/System/Library/PrivateFrameworks/CrashReporterSupport.framework/Versions/A/CrashReporterSupport
0x00007fff5b8ef000 	/System/Library/PrivateFrameworks/Sharing.framework/Versions/A/Sharing
0x00007fff48181000 	/System/Library/PrivateFrameworks/AuthKit.framework/Versions/A/AuthKit
0x00007fff476d5000 	/System/Library/PrivateFrameworks/Apple80211.framework/Versions/A/Apple80211
0x00007fff4bf0f000 	/System/Library/PrivateFrameworks/CoreUtils.framework/Versions/A/CoreUtils
0x00007fff3947a000 	/System/Library/Frameworks/CoreWLAN.framework/Versions/A/CoreWLAN
0x00007fff39e76000 	/System/Library/Frameworks/IOBluetooth.framework/Versions/A/IOBluetooth
0x00007fff59d73000 	/System/Library/PrivateFrameworks/ProtocolBuffer.framework/Versions/A/ProtocolBuffer
0x00007fff56189000 	/System/Library/PrivateFrameworks/MobileKeyBag.framework/Versions/A/MobileKeyBag
0x00007fff4b753000 	/System/Library/PrivateFrameworks/CorePhoneNumbers.framework/Versions/A/CorePhoneNumbers
0x00007fff47934000 	/System/Library/PrivateFrameworks/AppleIDAuthSupport.framework/Versions/A/AppleIDAuthSupport
0x00007fff550e0000 	/System/Library/PrivateFrameworks/KeychainCircle.framework/Versions/A/KeychainCircle
0x00007fff59f29000 	/System/Library/PrivateFrameworks/ROCKit.framework/Versions/A/ROCKit
0x00007fff4c101000 	/System/Library/PrivateFrameworks/CoreWiFi.framework/Versions/A/CoreWiFi
0x00007fff37211000 	/System/Library/Frameworks/CoreBluetooth.framework/Versions/A/CoreBluetooth
0x00007fff4c35c000 	/System/Library/PrivateFrameworks/DebugSymbols.framework/Versions/A/DebugSymbols
0x00007fff4bccf000 	/System/Library/PrivateFrameworks/CoreSymbolication.framework/Versions/A/CoreSymbolication
0x00007fff5d9cb000 	/System/Library/PrivateFrameworks/Symbolication.framework/Versions/A/Symbolication
0x00007fff5d26e000 	/System/Library/PrivateFrameworks/SpeechRecognitionCore.framework/Versions/A/SpeechRecognitionCore
0x00007fff2be83000 	/System/Library/CoreServices/Encodings/libSimplifiedChineseConverter.dylib
0x000000010b400000 	/Users/zhonghongpeng/ClionProjects/jvm/openjdk/build/macosx-x86_64-normal-serverANDclient-slowdebug/jdk/lib/server/libjvm.dylib
0x00007fff62a54000 	/usr/lib/libstdc++.6.dylib
0x0000000109b1d000 	/Users/zhonghongpeng/ClionProjects/jvm/openjdk/build/macosx-x86_64-normal-serverANDclient-slowdebug/jdk/lib/libverify.dylib
0x0000000109b2f000 	/Users/zhonghongpeng/ClionProjects/jvm/openjdk/build/macosx-x86_64-normal-serverANDclient-slowdebug/jdk/lib/libjava.dylib
0x0000000109b78000 	/Users/zhonghongpeng/ClionProjects/jvm/openjdk/build/macosx-x86_64-normal-serverANDclient-slowdebug/jdk/lib/libzip.dylib
0x0000000109b83000 	/Users/zhonghongpeng/ClionProjects/jvm/openjdk/build/macosx-x86_64-normal-serverANDclient-slowdebug/jdk/lib/libjimage.dylib
0x0000000109baf000 	/Users/zhonghongpeng/ClionProjects/jvm/openjdk/build/macosx-x86_64-normal-serverANDclient-slowdebug/jdk/lib/libnio.dylib
0x0000000109bc3000 	/Users/zhonghongpeng/ClionProjects/jvm/openjdk/build/macosx-x86_64-normal-serverANDclient-slowdebug/jdk/lib/./libnet.dylib

VM Arguments:
jvm_args: -Xms64M -Xmx1600M -XX:ThreadStackSize=1536 -XX:+UseSerialGC -Xms32M -Xmx512M -XX:TieredStopAtLevel=1 --add-exports=java.base/jdk.internal.module=ALL-UNNAMED 
java_command: build.tools.jigsaw.AddPackagesAttribute /Users/zhonghongpeng/ClionProjects/jvm/openjdk/build/macosx-x86_64-normal-serverANDclient-slowdebug/jdk
java_class_path (initial): /Users/zhonghongpeng/ClionProjects/jvm/openjdk/build/macosx-x86_64-normal-serverANDclient-slowdebug/buildtools/tools_jigsaw_classes
Launcher Type: SUN_STANDARD

Logging:
Log output configuration:
#0: stdout all=warning uptime,level,tags
#1: stderr all=off uptime,level,tags

Environment Variables:
JAVA_HOME=/Library/Java/JavaVirtualMachines/jdk1.8.0_181.jdk/Contents/Home
PATH=/Library/Frameworks/Python.framework/Versions/3.7/bin:/usr/local/bin:/usr/bin:/bin:/usr/sbin:/sbin:/Library/Frameworks/Mono.framework/Versions/Current/Commands:/Applications/Wireshark.app/Contents/MacOS:/Users/zhonghongpeng/software/maven/bin:/Library/Java/JavaVirtualMachines/jdk1.8.0_181.jdk/Contents/Home/bin:/Users/zhonghongpeng/software/tomcat/bin
SHELL=/bin/bash

Signal Handlers:
SIGSEGV: [libjvm.dylib+0xf4cd10], sa_mask[0]=11111111011111110111111111111111, sa_flags=SA_ONSTACK|SA_RESTART|SA_SIGINFO
SIGBUS: [libjvm.dylib+0xf4cd10], sa_mask[0]=11111111011111110111111111111111, sa_flags=SA_RESTART|SA_SIGINFO
SIGFPE: [libjvm.dylib+0xf4cd10], sa_mask[0]=11111111011111110111111111111111, sa_flags=SA_RESTART|SA_SIGINFO
SIGPIPE: [libjvm.dylib+0xce92f0], sa_mask[0]=11111111011111110111111111111111, sa_flags=SA_RESTART|SA_SIGINFO
SIGXFSZ: [libjvm.dylib+0xce92f0], sa_mask[0]=11111111011111110111111111111111, sa_flags=SA_RESTART|SA_SIGINFO
SIGILL: [libjvm.dylib+0xf4cd10], sa_mask[0]=11111111011111110111111111111111, sa_flags=SA_RESTART|SA_SIGINFO
SIGUSR2: [libjvm.dylib+0xcea700], sa_mask[0]=00000000000000000000000000000000, sa_flags=SA_RESTART|SA_SIGINFO
SIGHUP: [libjvm.dylib+0xce7660], sa_mask[0]=11111111011111110111111111111111, sa_flags=SA_RESTART|SA_SIGINFO
SIGINT: [libjvm.dylib+0xce7660], sa_mask[0]=11111111011111110111111111111111, sa_flags=SA_RESTART|SA_SIGINFO
SIGTERM: [libjvm.dylib+0xce7660], sa_mask[0]=11111111011111110111111111111111, sa_flags=SA_RESTART|SA_SIGINFO
SIGQUIT: [libjvm.dylib+0xce7660], sa_mask[0]=11111111011111110111111111111111, sa_flags=SA_RESTART|SA_SIGINFO


---------------  S Y S T E M  ---------------

OS:uname:Darwin zhonghongpengdeMacBook-Pro.local 18.6.0 Darwin Kernel Version 18.6.0: Thu Apr 25 23:16:27 PDT 2019; root:xnu-4903.261.4~2/RELEASE_X86_64 x86_64
rlimit: STACK 65532k, CORE 0k, NPROC 2837, NOFILE 10240, AS infinity
load average:24.03 10.47 7.30

CPU:total 12 (initial active 12) (6 cores per cpu, 2 threads per core) family 6 model 158 stepping 10, cmov, cx8, fxsr, mmx, sse, sse2, sse3, ssse3, sse4.1, sse4.2, popcnt, avx, avx2, aes, clmul, erms, rtm, 3dnowpref, lzcnt, ht, tsc, tscinvbit, bmi1, bmi2, adx, fma

Memory: 4k page, physical 33554432k(1906168k free)

vm_info: OpenJDK 64-Bit Server VM (slowdebug 9-internal+0-adhoc.zhonghongpeng.openjdk) for bsd-amd64 JRE (9-internal+0-adhoc.zhonghongpeng.openjdk), built on Jul  2 2019 13:29:18 by "zhonghongpeng" with gcc 4.2.1 Compatible Apple LLVM 9.1.0 (clang-902.0.39.2)

END.
